<?xml version="1.0" encoding="UTF-8"?>
<!-- Generated by org.testng.reporters.JUnitXMLReporter -->
<testsuite hostname="ARAVINDA-DELL-PERSONAL" ignored="2" name="GRP-mahendra" tests="4" failures="0" timestamp="19 Jan 2022 16:11:22 GMT" time="0.04" errors="0">
  <testcase name="ertiga" time="0.009" classname="testng.Cars"/>
  <testcase name="kiaCarnival" time="0.001" classname="testng.Cars"/>
  <testcase name="kiaCeltos" time="0.001" classname="testng.Cars"/>
  <testcase name="swift" time="0.001" classname="testng.Cars"/>
  <testcase name="xuv500" time="0.0" classname="testng.Cars">
    <ignored/>
  </testcase> <!-- xuv500 -->
  <testcase name="xuv300" time="0.0" classname="testng.Cars">
    <ignored/>
  </testcase> <!-- xuv300 -->
</testsuite> <!-- GRP-mahendra -->
