<?xml version="1.0" encoding="UTF-8"?>
<!-- Generated by org.testng.reporters.JUnitXMLReporter -->
<testsuite hostname="ARAVINDA-DELL-PERSONAL" ignored="0" name="Module1" tests="2" failures="0" timestamp="19 Jan 2022 16:30:49 GMT" time="26.533" errors="0">
  <testcase name="formFill" time="20.968" classname="com.ita.selenium.actitime.test.AutoSuggestionsAndFormFill"/>
  <testcase name="validatateAutoSuggestions" time="5.537" classname="com.ita.selenium.actitime.test.AutoSuggestionsAndFormFill"/>
</testsuite> <!-- Module1 -->
