<?xml version="1.0" encoding="UTF-8"?>
<testng-results skipped="0" failed="0" ignored="0" total="1" passed="1">
  <reporter-output>
  </reporter-output>
  <suite name="Default suite" duration-ms="14585" started-at="2022-01-19T17:13:40Z" finished-at="2022-01-19T17:13:54Z">
    <groups>
    </groups>
    <test name="Default test" duration-ms="14585" started-at="2022-01-19T17:13:40Z" finished-at="2022-01-19T17:13:54Z">
      <class name="com.ita.selenium.actitime.js.ScrollToElement">
        <test-method status="PASS" signature="JsExecutor()[pri:0, instance:com.ita.selenium.actitime.js.ScrollToElement@5ec0a365]" name="JsExecutor" duration-ms="14562" started-at="2022-01-19T17:13:40Z" finished-at="2022-01-19T17:13:54Z">
          <reporter-output>
          </reporter-output>
        </test-method> <!-- JsExecutor -->
      </class> <!-- com.ita.selenium.actitime.js.ScrollToElement -->
    </test> <!-- Default test -->
  </suite> <!-- Default suite -->
</testng-results>
